<?xml version="1.0" encoding="UTF-8"?>
<testng-results ignored="0" total="1" passed="1" failed="0" skipped="0">
  <reporter-output>
  </reporter-output>
  <suite started-at="2023-07-14T15:07:08 PST" name="Default suite" finished-at="2023-07-14T15:07:37 PST" duration-ms="28958">
    <groups>
      <group name="cucumber">
        <method signature="AbstractTestNGCucumberTests.runScenario(io.cucumber.testng.PickleWrapper,io.cucumber.testng.FeatureWrapper)[pri:0, instance:socium.TestNGTestRunner@7a35b0f5]" name="runScenario" class="io.cucumber.testng.AbstractTestNGCucumberTests"/>
      </group> <!-- cucumber -->
    </groups>
    <test started-at="2023-07-14T15:07:08 PST" name="Default test" finished-at="2023-07-14T15:07:37 PST" duration-ms="28958">
      <class name="socium.TestNGTestRunner">
        <test-method is-config="true" signature="setUpClass(org.testng.ITestContext)[pri:0, instance:socium.TestNGTestRunner@7a35b0f5]" started-at="2023-07-14T15:07:08 PST" name="setUpClass" finished-at="2023-07-14T15:07:08 PST" duration-ms="639" status="PASS">
          <params>
            <param index="0">
              <value>
                <![CDATA[org.testng.TestRunner@6088451e]]>
              </value>
            </param>
          </params>
          <reporter-output>
          </reporter-output>
        </test-method> <!-- setUpClass -->
        <test-method signature="runScenario(io.cucumber.testng.PickleWrapper,io.cucumber.testng.FeatureWrapper)[pri:0, instance:socium.TestNGTestRunner@7a35b0f5]" started-at="2023-07-14T15:07:08 PST" name="runScenario" description="Runs Cucumber Scenarios" data-provider="scenarios" finished-at="2023-07-14T15:07:36 PST" duration-ms="28219" status="PASS">
          <params>
            <param index="0">
              <value>
                <![CDATA["Retrieve Purchase Order"]]>
              </value>
            </param>
            <param index="1">
              <value>
                <![CDATA["Grid filter row server side data"]]>
              </value>
            </param>
          </params>
          <reporter-output>
          </reporter-output>
        </test-method> <!-- runScenario -->
        <test-method is-config="true" signature="tearDownClass()[pri:0, instance:socium.TestNGTestRunner@7a35b0f5]" started-at="2023-07-14T15:07:36 PST" name="tearDownClass" finished-at="2023-07-14T15:07:37 PST" duration-ms="45" status="PASS">
          <reporter-output>
          </reporter-output>
        </test-method> <!-- tearDownClass -->
      </class> <!-- socium.TestNGTestRunner -->
    </test> <!-- Default test -->
  </suite> <!-- Default suite -->
</testng-results>
